<?xml version="1.0" encoding="UTF-8"?>
<testng-results ignored="0" total="5" passed="5" failed="0" skipped="0">
  <reporter-output>
  </reporter-output>
  <suite started-at="2022-11-13T12:52:41 IST" name="Default suite" finished-at="2022-11-13T12:52:45 IST" duration-ms="4387">
    <groups>
    </groups>
    <test started-at="2022-11-13T12:52:41 IST" name="Default test" finished-at="2022-11-13T12:52:45 IST" duration-ms="4387">
      <class name="com.restAssured.qa.test.TC_01GET_ReqresAPI">
        <test-method is-config="true" signature="setUp()[pri:0, instance:com.restAssured.qa.test.TC_01GET_ReqresAPI@24fcf36f]" started-at="2022-11-13T12:52:41 IST" name="setUp" finished-at="2022-11-13T12:52:41 IST" duration-ms="174" status="PASS">
          <reporter-output>
          </reporter-output>
        </test-method> <!-- setUp -->
        <test-method signature="getBody()[pri:0, instance:com.restAssured.qa.test.TC_01GET_ReqresAPI@24fcf36f]" started-at="2022-11-13T12:52:41 IST" name="getBody" finished-at="2022-11-13T12:52:45 IST" duration-ms="4103" status="PASS">
          <reporter-output>
          </reporter-output>
        </test-method> <!-- getBody -->
        <test-method signature="verifyHeader()[pri:0, instance:com.restAssured.qa.test.TC_01GET_ReqresAPI@24fcf36f]" started-at="2022-11-13T12:52:45 IST" name="verifyHeader" finished-at="2022-11-13T12:52:45 IST" duration-ms="13" status="PASS">
          <reporter-output>
          </reporter-output>
        </test-method> <!-- verifyHeader -->
        <test-method signature="verifyStatusCode()[pri:0, instance:com.restAssured.qa.test.TC_01GET_ReqresAPI@24fcf36f]" started-at="2022-11-13T12:52:45 IST" name="verifyStatusCode" finished-at="2022-11-13T12:52:45 IST" duration-ms="6" status="PASS">
          <reporter-output>
          </reporter-output>
        </test-method> <!-- verifyStatusCode -->
        <test-method signature="verifyStatusLine()[pri:0, instance:com.restAssured.qa.test.TC_01GET_ReqresAPI@24fcf36f]" started-at="2022-11-13T12:52:45 IST" name="verifyStatusLine" finished-at="2022-11-13T12:52:45 IST" duration-ms="4" status="PASS">
          <reporter-output>
          </reporter-output>
        </test-method> <!-- verifyStatusLine -->
        <test-method signature="verifyresPonseTime()[pri:0, instance:com.restAssured.qa.test.TC_01GET_ReqresAPI@24fcf36f]" started-at="2022-11-13T12:52:45 IST" name="verifyresPonseTime" finished-at="2022-11-13T12:52:45 IST" duration-ms="6" status="PASS">
          <reporter-output>
          </reporter-output>
        </test-method> <!-- verifyresPonseTime -->
      </class> <!-- com.restAssured.qa.test.TC_01GET_ReqresAPI -->
    </test> <!-- Default test -->
  </suite> <!-- Default suite -->
</testng-results>
