<?xml version="1.0" encoding="UTF-8"?>
<!-- Generated by org.testng.reporters.JUnitXMLReporter -->
<testsuite ignored="0" hostname="DESKTOP-CT03M69" failures="0" tests="5" name="Default test" time="4.387" errors="0" timestamp="2022-11-13T12:52:46 IST">
  <testcase classname="com.restAssured.qa.test.TC_01GET_ReqresAPI" name="getBody" time="4.103"/>
  <testcase classname="com.restAssured.qa.test.TC_01GET_ReqresAPI" name="verifyHeader" time="0.013"/>
  <testcase classname="com.restAssured.qa.test.TC_01GET_ReqresAPI" name="verifyStatusCode" time="0.006"/>
  <testcase classname="com.restAssured.qa.test.TC_01GET_ReqresAPI" name="verifyStatusLine" time="0.004"/>
  <testcase classname="com.restAssured.qa.test.TC_01GET_ReqresAPI" name="verifyresPonseTime" time="0.006"/>
</testsuite> <!-- Default test -->
